resolvers       > trees > analyzing 'home:.texlive2018/texmf-config'

open source     > level 1, order 1, name 'C:/texlive/2018/texmf-dist/tex/context/base/mkiv/cont-yes.mkiv'
system          > 
system          > ConTeXt  ver: 2018.04.04 00:51 MKIV beta  fmt: 2021.8.21  int: english/english
system          > 
system          > 'cont-new.mkiv' loaded
open source     > level 2, order 2, name 'C:/texlive/2018/texmf-dist/tex/context/base/mkiv/cont-new.mkiv'
close source    > level 2, order 2, name 'C:/texlive/2018/texmf-dist/tex/context/base/mkiv/cont-new.mkiv'
system          > files > jobname 'helloworld', input '.\\helloworld', result 'helloworld'
fonts           > latin modern fonts are not preloaded
languages       > language 'en' is active
open source     > level 2, order 3, name 'helloworld.tex'
colors          > 'rgb' color space is supported
colors          > 'cmyk' color space is supported
fonts           > preloading latin modern fonts (third stage)
fonts           > 'fallback modern-designsize rm 11pt' is loaded
structure       > sectioning > title @ level 2 : 0.0 -> Hello, world!
structure       > sectioning > subject @ level 3 : 0.0.0 -> A list
structure       > sectioning > subject @ level 3 : 0.0.0 -> Math
structure       > sectioning > subject @ level 3 : 0.0.0 -> Text with figures

Overfull \hbox (16.50238pt too wide) in paragraph at lines 96--96
[][] 

\hbox(9.55925+3.71747)x469.75502, direction TLT
.\localpar
..\localinterlinepenalty=0
..\localbrokenpenalty=0
..\localleftbox=null
..\localrightbox=null
.\hbox(0.0+0.0)x16.50238, direction TLT
.\hbox(9.55925+3.71747)x469.75502, glue set 469.755fil, direction TLT
..\hbox(9.55925+3.71747)x0.0, direction TLT
..\glue 0.0 plus 1.0fil minus 1.0fil
.\penalty 10000
.\glue(\parfillskip) 0.0 plus 1.0fil
.etc.

floatblocks     > '1' placed (right)
open source     > level 3, order 4, name 'C:/texlive/2018/texmf-dist/tex/context/sample/common/tufte.tex'
close source    > level 3, order 4, name 'C:/texlive/2018/texmf-dist/tex/context/sample/common/tufte.tex'
floatblocks     > 1 saved
open source     > level 3, order 5, name 'C:/texlive/2018/texmf-dist/tex/context/sample/common/tufte.tex'
close source    > level 3, order 5, name 'C:/texlive/2018/texmf-dist/tex/context/sample/common/tufte.tex'
backend         > xmp > using file 'C:/texlive/2018/texmf-dist/tex/context/base/mkiv/lpdf-pdx.xml'
pages           > flushing realpage 1, userpage 1, subpage 1
floatblocks     > 1 moved
floatblocks     > '2' moved
pages           > flushing realpage 2, userpage 2
close source    > level 2, order 5, name 'helloworld.tex'
close source    > level 1, order 5, name 'C:/texlive/2018/texmf-dist/tex/context/base/mkiv/cont-yes.mkiv'

system          > start used files

system          > text: helloworld

system          > stop used files


system          > start used files

system          >    1: filename=char-prv.lua filetype=tex format=tex foundname=C:/texlive/2018/texmf-dist/tex/context/base/mkiv/char-prv.lua fullname=C:/texlive/2018/texmf-dist/tex/context/base/mkiv/char-prv.lua usedmethod=database
system          >    2: filename=cont-yes.mkiv filetype=tex foundname=C:/texlive/2018/texmf-dist/tex/context/base/mkiv/cont-yes.mkiv fullname=C:/texlive/2018/texmf-dist/tex/context/base/mkiv/cont-yes.mkiv usedmethod=database
system          >    3: filename=publ-imp-default.lua filetype=scripts foundname=C:/texlive/2018/texmf-dist/tex/context/base/mkiv/publ-imp-default.lua fullname=C:/texlive/2018/texmf-dist/tex/context/base/mkiv/publ-imp-default.lua usedmethod=database
system          >    4: filename=cont-new.mkiv filetype=tex foundname=C:/texlive/2018/texmf-dist/tex/context/base/mkiv/cont-new.mkiv fullname=C:/texlive/2018/texmf-dist/tex/context/base/mkiv/cont-new.mkiv usedmethod=database
system          >    5: filename=lang-exc.lua filetype=scripts foundname=C:/texlive/2018/texmf-dist/tex/context/base/mkiv/lang-exc.lua fullname=C:/texlive/2018/texmf-dist/tex/context/base/mkiv/lang-exc.lua usedmethod=database
system          >    6: filename=lang-us.lua filetype=scripts foundname=C:/texlive/2018/texmf-dist/tex/context/patterns/mkiv/lang-us.lua fullname=C:/texlive/2018/texmf-dist/tex/context/patterns/mkiv/lang-us.lua usedmethod=database
system          >    7: filename=helloworld.tex foundname=helloworld.tex fullname=C:/Users/RobertWinslow/Documents/website/bacontime.github.io/bacontime.github.io/gobcrud/src/texcontext/helloworld.tex usedmethod=direct
system          >    8: filename=lm.lfg filetype=tex foundname=C:/texlive/2018/texmf-dist/tex/context/fonts/mkiv/lm.lfg fullname=C:/texlive/2018/texmf-dist/tex/context/fonts/mkiv/lm.lfg usedmethod=database
system          >    9: filename=lmroman10-regular filetype=otf format=otf foundname=C:/texlive/2018/texmf-dist/fonts/opentype/public/lm/lmroman10-regular.otf fullname=C:/texlive/2018/texmf-dist/fonts/opentype/public/lm/lmroman10-regular.otf usedmethod=database
system          >   10: filename=latinmodern-math.otf filetype=opentypefonts foundname=C:/texlive/2018/texmf-dist/fonts/opentype/public/lm-math/latinmodern-math.otf fullname=C:/texlive/2018/texmf-dist/fonts/opentype/public/lm-math/latinmodern-math.otf usedmethod=database
system          >   11: filename=lmsans10-regular filetype=otf format=otf foundname=C:/texlive/2018/texmf-dist/fonts/opentype/public/lm/lmsans10-regular.otf fullname=C:/texlive/2018/texmf-dist/fonts/opentype/public/lm/lmsans10-regular.otf usedmethod=database
system          >   12: filename=lmsans10-bold filetype=otf format=otf foundname=C:/texlive/2018/texmf-dist/fonts/opentype/public/lm/lmsans10-bold.otf fullname=C:/texlive/2018/texmf-dist/fonts/opentype/public/lm/lmsans10-bold.otf usedmethod=database
system          >   13: filename=lmroman10-bold filetype=otf format=otf foundname=C:/texlive/2018/texmf-dist/fonts/opentype/public/lm/lmroman10-bold.otf fullname=C:/texlive/2018/texmf-dist/fonts/opentype/public/lm/lmroman10-bold.otf usedmethod=database
system          >   14: filename=lmmono10-regular filetype=otf format=otf foundname=C:/texlive/2018/texmf-dist/fonts/opentype/public/lm/lmmono10-regular.otf fullname=C:/texlive/2018/texmf-dist/fonts/opentype/public/lm/lmmono10-regular.otf usedmethod=database
system          >   15: filename=lmmono8-regular filetype=otf format=otf foundname=C:/texlive/2018/texmf-dist/fonts/opentype/public/lm/lmmono8-regular.otf fullname=C:/texlive/2018/texmf-dist/fonts/opentype/public/lm/lmmono8-regular.otf usedmethod=database
system          >   16: filename=tufte filetype=tex foundname=C:/texlive/2018/texmf-dist/tex/context/sample/common/tufte.tex fullname=C:/texlive/2018/texmf-dist/tex/context/sample/common/tufte.tex usedmethod=database
system          >   17: filename=lmroman10-italic filetype=otf format=otf foundname=C:/texlive/2018/texmf-dist/fonts/opentype/public/lm/lmroman10-italic.otf fullname=C:/texlive/2018/texmf-dist/fonts/opentype/public/lm/lmroman10-italic.otf usedmethod=database
system          >   18: filename=lpdf-pdx.xml filetype=tex foundname=C:/texlive/2018/texmf-dist/tex/context/base/mkiv/lpdf-pdx.xml fullname=C:/texlive/2018/texmf-dist/tex/context/base/mkiv/lpdf-pdx.xml usedmethod=database

system          > stop used files


system          > start commandline options

system          > currentrun="3"
system          > fulljobname=".\\helloworld.tex"
system          > input=".\\helloworld.tex"
system          > kindofrun="2"
system          > maxnofruns="9"
system          > no-parse-first-line="true"

system          > stop commandline options


system          > start commandline files

system          >    1: .\\helloworld.tex

system          > stop commandline files


modules         > start used modules


modules         > stop used modules


mkiv lua stats  > used config file: selfautoparent:/texmfcnf.lua;selfautoparent:/texmf-dist/web2c/texmfcnf.lua
mkiv lua stats  > used cache path: readable+writable: 'C:/Users/RobertWinslow/.texlive2018/texmf-var/luatex-cache/context/a86c089b384a3076dc514ba966a1fac9'
mkiv lua stats  > resource resolver: loadtime 0.118 seconds, 1 scans with scantime 0.004 seconds, 0 shared scans, 18 found files, scanned paths: C:/Users/RobertWinslow/.texlive2018/texmf-config
mkiv lua stats  > stored bytecode data: 410 modules (0.414 sec), 93 tables (0.013 sec), 503 chunks (0.427 sec)
mkiv lua stats  > traced context: maxstack: 1287, freed: 1, unreachable: 1286
mkiv lua stats  > cleaned up reserved nodes: 69 nodes, 9 lists of 453
mkiv lua stats  > node memory usage: 3 glue, 2 kern, 5 penalty, 16 attribute, 51 glue_spec, 5 attribute_list, 2 temp, 2 user_defined
mkiv lua stats  > node list callback tasks: 7 unique task lists, 8 instances (re)created, 304 calls
mkiv lua stats  > used backend: pdf (backend for directly generating pdf output)
mkiv lua stats  > jobdata time: 0.002 seconds saving, 0.001 seconds loading
mkiv lua stats  > callbacks: internal: 924, file: 273, direct: 0, late: 0, function 0, total: 1197 (1197 per page)
mkiv lua stats  > randomizer: resumed with value 0.48750267036958
mkiv lua stats  > loaded patterns: en::2, load time: 0.000
mkiv lua stats  > interactive elements: 6 references, 5 destinations
mkiv lua stats  > result saved in file: helloworld.pdf, compresslevel 3, objectcompresslevel 3
mkiv lua stats  > loaded fonts: 8 files: latinmodern-math.otf, lmmono10-regular.otf, lmmono8-regular.otf, lmroman10-bold.otf, lmroman10-italic.otf, lmroman10-regular.otf, lmsans10-bold.otf, lmsans10-regular.otf
mkiv lua stats  > font engine: otf 3.103, afm 1.513, tfm 1.000, 21 instances, 11 shared in backend, 0 common vectors, 11 common hashes, load time 0.372 seconds 
mkiv lua stats  > graphics processing time: 0.013 seconds including tex, 2 processed images, 1 unique asked, 0 bad names
mkiv lua stats  > pdf annotations: 6 links (6 unique), 0 special
mkiv lua stats  > used platform: mswin, type: windows, binary subtree: bin
mkiv lua stats  > used engine: luatex version 1.07 with functionality level 6686, banner: this is luatex, version 1.07.0 (tex live 2018/w32tex)
mkiv lua stats  > control sequences: 46518 of 65536 + 100000
mkiv lua stats  > lua properties: engine: lua 5.2, used memory: 131 MB (ctx: 131 MB), hash type: lua, hash chars: min(32,40), symbol mask: utf (τεχ)
mkiv lua stats  > runtime: 1.106 seconds, 2 processed pages, 2 shipped pages, 1.808 pages/second

